<?xml version="1.0" encoding="UTF-8" ?>
<testsuite failures="0" time="0.871" errors="0" skipped="0" tests="4" name="com.fengjr.crm.dao.UserPointsDaoTest">
  <properties>
[...]
</properties>
  <testcase time="0.025" classname="com.fengjr.crm.dao.UserPointsDaoTest" name="testGetObject"/>
  <testcase time="0.031" classname="com.fengjr.crm.dao.UserPointsDaoTest" name="testUpdate"/>
  <testcase time="0.08" classname="com.fengjr.crm.dao.UserPointsDaoTest" name="testAdd"/>
  <testcase time="0.022" classname="com.fengjr.crm.dao.UserPointsDaoTest" name="testGetList"/>
</testsuite>